Connecting to database specified by database.yml
Connecting to database specified by database.yml
  [1m[36m (0.2ms)[0m  [1mselect sqlite_version(*)[0m
  [1m[35m (1.4ms)[0m  CREATE TABLE "schema_migrations" ("version" varchar(255) NOT NULL) 
  [1m[36m (1.3ms)[0m  [1mCREATE UNIQUE INDEX "unique_schema_migrations" ON "schema_migrations" ("version")[0m
  [1m[35m (1.6ms)[0m  SELECT "schema_migrations"."version" FROM "schema_migrations" 
Migrating to CreateResources (20130113233122)
  [1m[36m (0.0ms)[0m  [1mbegin transaction[0m
  [1m[35m (0.6ms)[0m  CREATE TABLE "resources" ("id" INTEGER PRIMARY KEY AUTOINCREMENT NOT NULL, "author" varchar(255), "common_core" varchar(255), "description" text, "educational_use" varchar(255), "in_language" varchar(255), "intended_end_use_role" varchar(255), "interactivity_type" varchar(255), "is_based_on_url" varchar(255), "learning_resource_type" varchar(255), "location" varchar(255), "publisher_id" varchar(255), "time_required" varchar(255), "title" varchar(255), "typical_age_range" varchar(255), "use_rights_url" varchar(255), "created_at" datetime NOT NULL, "updated_at" datetime NOT NULL) 
  [1m[36m (0.1ms)[0m  [1mINSERT INTO "schema_migrations" ("version") VALUES ('20130113233122')[0m
  [1m[35m (1.3ms)[0m  commit transaction
  [1m[36m (0.1ms)[0m  [1mSELECT "schema_migrations"."version" FROM "schema_migrations" [0m


Started GET "/assets/rails.png" for 127.0.0.1 at 2013-01-13 15:34:03 -0800
Connecting to database specified by database.yml
Served asset /rails.png - 200 OK (26ms)


Started GET "/resources" for 127.0.0.1 at 2013-01-13 15:34:12 -0800
Processing by ResourcesController#index as HTML
  [1m[36mResource Load (0.2ms)[0m  [1mSELECT "resources".* FROM "resources" [0m
  Rendered resources/index.html.erb within layouts/application (4.9ms)
Compiled resources.css  (9ms)  (pid 25666)
Compiled scaffolds.css  (16ms)  (pid 25666)
Compiled application.css  (65ms)  (pid 25666)
Compiled jquery.js  (3ms)  (pid 25666)
Compiled jquery_ujs.js  (0ms)  (pid 25666)
Compiled resources.js  (365ms)  (pid 25666)
Compiled application.js  (450ms)  (pid 25666)
Completed 200 OK in 696ms (Views: 653.6ms | ActiveRecord: 2.8ms)


Started GET "/assets/jquery.js?body=1" for 127.0.0.1 at 2013-01-13 15:34:13 -0800
Served asset /jquery.js - 200 OK (5ms)


Started GET "/assets/scaffolds.css?body=1" for 127.0.0.1 at 2013-01-13 15:34:13 -0800
Served asset /scaffolds.css - 200 OK (7ms)


Started GET "/assets/resources.css?body=1" for 127.0.0.1 at 2013-01-13 15:34:13 -0800
Served asset /resources.css - 200 OK (7ms)


Started GET "/assets/application.css?body=1" for 127.0.0.1 at 2013-01-13 15:34:13 -0800
Served asset /application.css - 200 OK (4ms)


Started GET "/assets/resources.js?body=1" for 127.0.0.1 at 2013-01-13 15:34:13 -0800
Served asset /resources.js - 200 OK (3ms)


Started GET "/assets/jquery_ujs.js?body=1" for 127.0.0.1 at 2013-01-13 15:34:13 -0800
Served asset /jquery_ujs.js - 200 OK (4ms)


Started GET "/assets/application.js?body=1" for 127.0.0.1 at 2013-01-13 15:34:13 -0800
Served asset /application.js - 200 OK (12ms)


Started GET "/resources/new" for 127.0.0.1 at 2013-01-13 15:34:18 -0800
Processing by ResourcesController#new as HTML
  Rendered resources/_form.html.erb (25.8ms)
  Rendered resources/new.html.erb within layouts/application (32.3ms)
Completed 200 OK in 100ms (Views: 40.6ms | ActiveRecord: 0.0ms)
